<?xml version="1.0" encoding="UTF-8"?>
<robot generator="Robot 6.1.1 (Python 3.11.4 on win32)" generated="20230830 13:45:04.581" rpa="false" schemaversion="4">
<suite id="s1" name="Tests" source="C:\robot framework\robot-scripts\end-to-end\Tests">
<suite id="s1-s1" name="BackOffice" source="C:\robot framework\robot-scripts\end-to-end\Tests\BackOffice">
<suite id="s1-s1-s1" name="Back Office" source="C:\robot framework\robot-scripts\end-to-end\Tests\BackOffice\Back_Office.robot">
<test id="s1-s1-s1-t1" name="Should be able to access &quot;Landing&quot; page" line="12">
<kw name="Begin Web Test" library="CommonWeb" type="SETUP">
<kw name="Open Browser" library="SeleniumLibrary">
<arg>about:blank</arg>
<arg>${BROWSER}</arg>
<doc>Opens a new browser instance to the optional ``url``.</doc>
<msg timestamp="20230830 13:45:04.884" level="INFO">Opening browser 'edge' to base url 'about:blank'.</msg>
<msg timestamp="20230830 13:45:05.582" level="WARN">The msedgedriver version (115.0.1901.203) detected in PATH at C:\bin\msedgedriver.exe might not be compatible with the detected edge version (116.0.1938.62); currently, msedgedriver 116.0.1938.62 is recommended for edge 116.*, so it is advised to delete the driver in PATH and retry</msg>
<status status="PASS" starttime="20230830 13:45:04.884" endtime="20230830 13:45:07.317"/>
</kw>
<status status="PASS" starttime="20230830 13:45:04.884" endtime="20230830 13:45:07.318"/>
</kw>
<kw name="Go to Landing Page" library="BackOfficeApp">
<kw name="Navigate To" library="BackOffice.Landing">
<kw name="Go To" library="SeleniumLibrary">
<arg>${BACK_OFFICE_URL}</arg>
<doc>Navigates the current browser window to the provided ``url``.</doc>
<msg timestamp="20230830 13:45:07.327" level="INFO">Opening url 'https://automationplayground.com/back-office/'</msg>
<status status="PASS" starttime="20230830 13:45:07.324" endtime="20230830 13:45:20.332"/>
</kw>
<status status="PASS" starttime="20230830 13:45:07.323" endtime="20230830 13:45:20.332"/>
</kw>
<status status="PASS" starttime="20230830 13:45:07.319" endtime="20230830 13:45:20.332"/>
</kw>
<kw name="End Web Test" library="CommonWeb" type="TEARDOWN">
<kw name="Close All Browsers" library="SeleniumLibrary">
<doc>Closes all open browsers and resets the browser cache.</doc>
<status status="PASS" starttime="20230830 13:45:20.332" endtime="20230830 13:45:26.602"/>
</kw>
<status status="PASS" starttime="20230830 13:45:20.332" endtime="20230830 13:45:26.603"/>
</kw>
<doc>This is test 1</doc>
<tag>test1</tag>
<status status="PASS" starttime="20230830 13:45:04.883" endtime="20230830 13:45:26.603"/>
</test>
<doc>Talk about what this suite of tests does</doc>
<status status="PASS" starttime="20230830 13:45:04.612" endtime="20230830 13:45:26.605"/>
</suite>
<status status="PASS" starttime="20230830 13:45:04.608" endtime="20230830 13:45:26.608"/>
</suite>
<suite id="s1-s2" name="EndToEnd" source="C:\robot framework\robot-scripts\end-to-end\Tests\EndToEnd">
<suite id="s1-s2-s1" name="End to End" source="C:\robot framework\robot-scripts\end-to-end\Tests\EndToEnd\End_to_End.robot">
<test id="s1-s2-s1-t1" name="Should be able to access both sites" line="13">
<kw name="Begin Web Test" library="CommonWeb" type="SETUP">
<kw name="Open Browser" library="SeleniumLibrary">
<arg>about:blank</arg>
<arg>${BROWSER}</arg>
<doc>Opens a new browser instance to the optional ``url``.</doc>
<msg timestamp="20230830 13:45:26.660" level="INFO">Opening browser 'edge' to base url 'about:blank'.</msg>
<msg timestamp="20230830 13:45:27.266" level="WARN">The msedgedriver version (115.0.1901.203) detected in PATH at C:\bin\msedgedriver.exe might not be compatible with the detected edge version (116.0.1938.62); currently, msedgedriver 116.0.1938.62 is recommended for edge 116.*, so it is advised to delete the driver in PATH and retry</msg>
<status status="PASS" starttime="20230830 13:45:26.660" endtime="20230830 13:45:28.878"/>
</kw>
<status status="PASS" starttime="20230830 13:45:26.660" endtime="20230830 13:45:28.878"/>
</kw>
<kw name="Go to Landing Page" library="FrontOfficeApp">
<kw name="Navigate To" library="FrontOffice.Landing">
<kw name="Go To" library="SeleniumLibrary">
<arg>${FRONT_OFFICE_URL}</arg>
<doc>Navigates the current browser window to the provided ``url``.</doc>
<msg timestamp="20230830 13:45:28.880" level="INFO">Opening url 'https://automationplayground.com/front-office/'</msg>
<status status="PASS" starttime="20230830 13:45:28.879" endtime="20230830 13:46:03.815"/>
</kw>
<status status="PASS" starttime="20230830 13:45:28.879" endtime="20230830 13:46:03.816"/>
</kw>
<kw name="Verify Page Loaded" library="FrontOffice.Landing">
<kw name="Wait Until Page Contains Element" library="SeleniumLibrary">
<arg>${LANDING_NAVIGATION_ELEMENT}</arg>
<doc>Waits until the element ``locator`` appears on the current page.</doc>
<status status="PASS" starttime="20230830 13:46:03.816" endtime="20230830 13:46:03.836"/>
</kw>
<status status="PASS" starttime="20230830 13:46:03.816" endtime="20230830 13:46:03.836"/>
</kw>
<status status="PASS" starttime="20230830 13:45:28.879" endtime="20230830 13:46:03.836"/>
</kw>
<kw name="Go to Landing Page" library="BackOfficeApp">
<kw name="Navigate To" library="BackOffice.Landing">
<kw name="Go To" library="SeleniumLibrary">
<arg>${BACK_OFFICE_URL}</arg>
<doc>Navigates the current browser window to the provided ``url``.</doc>
<msg timestamp="20230830 13:46:03.837" level="INFO">Opening url 'https://automationplayground.com/back-office/'</msg>
<status status="PASS" starttime="20230830 13:46:03.837" endtime="20230830 13:46:10.194"/>
</kw>
<status status="PASS" starttime="20230830 13:46:03.837" endtime="20230830 13:46:10.195"/>
</kw>
<status status="PASS" starttime="20230830 13:46:03.837" endtime="20230830 13:46:10.195"/>
</kw>
<kw name="End Web Test" library="CommonWeb" type="TEARDOWN">
<kw name="Close All Browsers" library="SeleniumLibrary">
<doc>Closes all open browsers and resets the browser cache.</doc>
<status status="PASS" starttime="20230830 13:46:10.196" endtime="20230830 13:46:16.456"/>
</kw>
<status status="PASS" starttime="20230830 13:46:10.195" endtime="20230830 13:46:16.456"/>
</kw>
<doc>This is test 1</doc>
<tag>test1</tag>
<status status="PASS" starttime="20230830 13:45:26.659" endtime="20230830 13:46:16.457"/>
</test>
<doc>This is my end to end suite</doc>
<status status="PASS" starttime="20230830 13:45:26.613" endtime="20230830 13:46:16.459"/>
</suite>
<status status="PASS" starttime="20230830 13:45:26.609" endtime="20230830 13:46:16.460"/>
</suite>
<suite id="s1-s3" name="FrontOffice" source="C:\robot framework\robot-scripts\end-to-end\Tests\FrontOffice">
<suite id="s1-s3-s1" name="Front Office" source="C:\robot framework\robot-scripts\end-to-end\Tests\FrontOffice\Front_Office.robot">
<test id="s1-s3-s1-t1" name="Should be able to access &quot;Team&quot; page" line="12">
<kw name="Begin Web Test" library="CommonWeb" type="SETUP">
<kw name="Open Browser" library="SeleniumLibrary">
<arg>about:blank</arg>
<arg>${BROWSER}</arg>
<doc>Opens a new browser instance to the optional ``url``.</doc>
<msg timestamp="20230830 13:46:16.494" level="INFO">Opening browser 'edge' to base url 'about:blank'.</msg>
<msg timestamp="20230830 13:46:17.121" level="WARN">The msedgedriver version (115.0.1901.203) detected in PATH at C:\bin\msedgedriver.exe might not be compatible with the detected edge version (116.0.1938.62); currently, msedgedriver 116.0.1938.62 is recommended for edge 116.*, so it is advised to delete the driver in PATH and retry</msg>
<status status="PASS" starttime="20230830 13:46:16.494" endtime="20230830 13:46:18.729"/>
</kw>
<status status="PASS" starttime="20230830 13:46:16.494" endtime="20230830 13:46:18.729"/>
</kw>
<kw name="Go to Landing Page" library="FrontOfficeApp">
<kw name="Navigate To" library="FrontOffice.Landing">
<kw name="Go To" library="SeleniumLibrary">
<arg>${FRONT_OFFICE_URL}</arg>
<doc>Navigates the current browser window to the provided ``url``.</doc>
<msg timestamp="20230830 13:46:18.731" level="INFO">Opening url 'https://automationplayground.com/front-office/'</msg>
<status status="PASS" starttime="20230830 13:46:18.731" endtime="20230830 13:46:27.732"/>
</kw>
<status status="PASS" starttime="20230830 13:46:18.731" endtime="20230830 13:46:27.732"/>
</kw>
<kw name="Verify Page Loaded" library="FrontOffice.Landing">
<kw name="Wait Until Page Contains Element" library="SeleniumLibrary">
<arg>${LANDING_NAVIGATION_ELEMENT}</arg>
<doc>Waits until the element ``locator`` appears on the current page.</doc>
<status status="PASS" starttime="20230830 13:46:27.732" endtime="20230830 13:46:27.751"/>
</kw>
<status status="PASS" starttime="20230830 13:46:27.732" endtime="20230830 13:46:27.752"/>
</kw>
<status status="PASS" starttime="20230830 13:46:18.730" endtime="20230830 13:46:27.752"/>
</kw>
<kw name="Go to &quot;Team&quot; Page" library="FrontOfficeApp">
<kw name="Select &quot;Team&quot; Page" library="TopNav">
<kw name="Click Element" library="SeleniumLibrary">
<arg>${TOP_NAV_TEAM_LINK}</arg>
<doc>Click the element identified by ``locator``.</doc>
<msg timestamp="20230830 13:46:27.753" level="INFO">Clicking element 'css=#bs-example-navbar-collapse-1 &gt; ul &gt; li:nth-child(5) &gt; a'.</msg>
<status status="PASS" starttime="20230830 13:46:27.753" endtime="20230830 13:46:27.814"/>
</kw>
<kw name="Sleep" library="BuiltIn">
<arg>3s</arg>
<doc>Pauses the test executed for the given time.</doc>
<msg timestamp="20230830 13:46:30.815" level="INFO">Slept 3 seconds</msg>
<status status="PASS" starttime="20230830 13:46:27.815" endtime="20230830 13:46:30.815"/>
</kw>
<status status="PASS" starttime="20230830 13:46:27.752" endtime="20230830 13:46:30.815"/>
</kw>
<kw name="Verify Page Loaded" library="Team">
<kw name="Wait Until Page Contains Element" library="SeleniumLibrary">
<arg>${TEAM_HEADER_LABEL}</arg>
<doc>Waits until the element ``locator`` appears on the current page.</doc>
<status status="PASS" starttime="20230830 13:46:30.816" endtime="20230830 13:46:30.830"/>
</kw>
<status status="PASS" starttime="20230830 13:46:30.815" endtime="20230830 13:46:30.830"/>
</kw>
<status status="PASS" starttime="20230830 13:46:27.752" endtime="20230830 13:46:30.830"/>
</kw>
<kw name="End Web Test" library="CommonWeb" type="TEARDOWN">
<kw name="Close All Browsers" library="SeleniumLibrary">
<doc>Closes all open browsers and resets the browser cache.</doc>
<status status="PASS" starttime="20230830 13:46:30.831" endtime="20230830 13:46:37.140"/>
</kw>
<status status="PASS" starttime="20230830 13:46:30.831" endtime="20230830 13:46:37.140"/>
</kw>
<doc>This is test 1</doc>
<tag>test1</tag>
<status status="PASS" starttime="20230830 13:46:16.493" endtime="20230830 13:46:37.140"/>
</test>
<test id="s1-s3-s1-t2" name="&quot;Team&quot; page should match requirements" line="18">
<kw name="Begin Web Test" library="CommonWeb" type="SETUP">
<kw name="Open Browser" library="SeleniumLibrary">
<arg>about:blank</arg>
<arg>${BROWSER}</arg>
<doc>Opens a new browser instance to the optional ``url``.</doc>
<msg timestamp="20230830 13:46:37.143" level="INFO">Opening browser 'edge' to base url 'about:blank'.</msg>
<msg timestamp="20230830 13:46:37.762" level="WARN">The msedgedriver version (115.0.1901.203) detected in PATH at C:\bin\msedgedriver.exe might not be compatible with the detected edge version (116.0.1938.62); currently, msedgedriver 116.0.1938.62 is recommended for edge 116.*, so it is advised to delete the driver in PATH and retry</msg>
<status status="PASS" starttime="20230830 13:46:37.143" endtime="20230830 13:46:39.382"/>
</kw>
<status status="PASS" starttime="20230830 13:46:37.142" endtime="20230830 13:46:39.383"/>
</kw>
<kw name="Go to Landing Page" library="FrontOfficeApp">
<kw name="Navigate To" library="FrontOffice.Landing">
<kw name="Go To" library="SeleniumLibrary">
<arg>${FRONT_OFFICE_URL}</arg>
<doc>Navigates the current browser window to the provided ``url``.</doc>
<msg timestamp="20230830 13:46:39.389" level="INFO">Opening url 'https://automationplayground.com/front-office/'</msg>
<status status="PASS" starttime="20230830 13:46:39.388" endtime="20230830 13:46:43.483"/>
</kw>
<status status="PASS" starttime="20230830 13:46:39.386" endtime="20230830 13:46:43.483"/>
</kw>
<kw name="Verify Page Loaded" library="FrontOffice.Landing">
<kw name="Wait Until Page Contains Element" library="SeleniumLibrary">
<arg>${LANDING_NAVIGATION_ELEMENT}</arg>
<doc>Waits until the element ``locator`` appears on the current page.</doc>
<status status="PASS" starttime="20230830 13:46:43.484" endtime="20230830 13:46:43.503"/>
</kw>
<status status="PASS" starttime="20230830 13:46:43.483" endtime="20230830 13:46:43.503"/>
</kw>
<status status="PASS" starttime="20230830 13:46:39.384" endtime="20230830 13:46:43.503"/>
</kw>
<kw name="Go to &quot;Team&quot; Page" library="FrontOfficeApp">
<kw name="Select &quot;Team&quot; Page" library="TopNav">
<kw name="Click Element" library="SeleniumLibrary">
<arg>${TOP_NAV_TEAM_LINK}</arg>
<doc>Click the element identified by ``locator``.</doc>
<msg timestamp="20230830 13:46:43.504" level="INFO">Clicking element 'css=#bs-example-navbar-collapse-1 &gt; ul &gt; li:nth-child(5) &gt; a'.</msg>
<status status="PASS" starttime="20230830 13:46:43.503" endtime="20230830 13:46:43.563"/>
</kw>
<kw name="Sleep" library="BuiltIn">
<arg>3s</arg>
<doc>Pauses the test executed for the given time.</doc>
<msg timestamp="20230830 13:46:46.564" level="INFO">Slept 3 seconds</msg>
<status status="PASS" starttime="20230830 13:46:43.563" endtime="20230830 13:46:46.564"/>
</kw>
<status status="PASS" starttime="20230830 13:46:43.503" endtime="20230830 13:46:46.564"/>
</kw>
<kw name="Verify Page Loaded" library="Team">
<kw name="Wait Until Page Contains Element" library="SeleniumLibrary">
<arg>${TEAM_HEADER_LABEL}</arg>
<doc>Waits until the element ``locator`` appears on the current page.</doc>
<status status="PASS" starttime="20230830 13:46:46.564" endtime="20230830 13:46:46.577"/>
</kw>
<status status="PASS" starttime="20230830 13:46:46.564" endtime="20230830 13:46:46.577"/>
</kw>
<status status="PASS" starttime="20230830 13:46:43.503" endtime="20230830 13:46:46.577"/>
</kw>
<kw name="Validate &quot;Team&quot; Page" library="FrontOfficeApp">
<kw name="Validate Page Contents" library="Team">
<kw name="Get Text" library="SeleniumLibrary">
<var>${ElementText}</var>
<arg>${TEAM_HEADER_LABEL}</arg>
<doc>Returns the text value of the element identified by ``locator``.</doc>
<msg timestamp="20230830 13:46:46.606" level="INFO">${ElementText} = OUR AMAZING TEAM</msg>
<status status="PASS" starttime="20230830 13:46:46.579" endtime="20230830 13:46:46.606"/>
</kw>
<kw name="Should Be Equal As Strings" library="BuiltIn">
<arg>${ElementText}</arg>
<arg>Our Amazing Team</arg>
<arg>ignore_case=true</arg>
<doc>Fails if objects are unequal after converting them to strings.</doc>
<status status="PASS" starttime="20230830 13:46:46.606" endtime="20230830 13:46:46.607"/>
</kw>
<status status="PASS" starttime="20230830 13:46:46.579" endtime="20230830 13:46:46.607"/>
</kw>
<status status="PASS" starttime="20230830 13:46:46.579" endtime="20230830 13:46:46.607"/>
</kw>
<kw name="End Web Test" library="CommonWeb" type="TEARDOWN">
<kw name="Close All Browsers" library="SeleniumLibrary">
<doc>Closes all open browsers and resets the browser cache.</doc>
<status status="PASS" starttime="20230830 13:46:46.608" endtime="20230830 13:46:52.957"/>
</kw>
<status status="PASS" starttime="20230830 13:46:46.607" endtime="20230830 13:46:52.958"/>
</kw>
<doc>This is test 2</doc>
<tag>test2</tag>
<status status="PASS" starttime="20230830 13:46:37.142" endtime="20230830 13:46:52.958"/>
</test>
<doc>Talk about what this suite of tests does</doc>
<status status="PASS" starttime="20230830 13:46:16.465" endtime="20230830 13:46:52.960"/>
</suite>
<status status="PASS" starttime="20230830 13:46:16.462" endtime="20230830 13:46:52.964"/>
</suite>
<status status="PASS" starttime="20230830 13:45:04.584" endtime="20230830 13:46:52.966"/>
</suite>
<statistics>
<total>
<stat pass="4" fail="0" skip="0">All Tests</stat>
</total>
<tag>
<stat pass="3" fail="0" skip="0">test1</stat>
<stat pass="1" fail="0" skip="0">test2</stat>
</tag>
<suite>
<stat pass="4" fail="0" skip="0" id="s1" name="Tests">Tests</stat>
<stat pass="1" fail="0" skip="0" id="s1-s1" name="BackOffice">Tests.BackOffice</stat>
<stat pass="1" fail="0" skip="0" id="s1-s1-s1" name="Back Office">Tests.BackOffice.Back Office</stat>
<stat pass="1" fail="0" skip="0" id="s1-s2" name="EndToEnd">Tests.EndToEnd</stat>
<stat pass="1" fail="0" skip="0" id="s1-s2-s1" name="End to End">Tests.EndToEnd.End to End</stat>
<stat pass="2" fail="0" skip="0" id="s1-s3" name="FrontOffice">Tests.FrontOffice</stat>
<stat pass="2" fail="0" skip="0" id="s1-s3-s1" name="Front Office">Tests.FrontOffice.Front Office</stat>
</suite>
</statistics>
<errors>
<msg timestamp="20230830 13:45:04.634" level="ERROR">Error in file 'C:\robot framework\robot-scripts\end-to-end\Resources\BackOffice\PO\BackOffice.Landing.robot' on line 2: Importing library 'Selenium2Library' failed: ModuleNotFoundError: No module named 'Selenium2Library'
Traceback (most recent call last):
  None
PYTHONPATH:
  C:\Users\Pavan\AppData\Local\Programs\Python\Python311\Scripts\robot.exe
  C:\Users\Pavan\AppData\Local\Programs\Python\Python311\python311.zip
  C:\Users\Pavan\AppData\Local\Programs\Python\Python311\DLLs
  C:\Users\Pavan\AppData\Local\Programs\Python\Python311\Lib
  C:\Users\Pavan\AppData\Local\Programs\Python\Python311
  C:\Users\Pavan\AppData\Local\Programs\Python\Python311\Lib\site-packages</msg>
<msg timestamp="20230830 13:45:04.640" level="ERROR">Error in file 'C:\robot framework\robot-scripts\end-to-end\Resources\BackOffice\PO\TopNav.robot' on line 2: Importing library 'Selenium2Library' failed: ModuleNotFoundError: No module named 'Selenium2Library'
Traceback (most recent call last):
  None
PYTHONPATH:
  C:\Users\Pavan\AppData\Local\Programs\Python\Python311\Scripts\robot.exe
  C:\Users\Pavan\AppData\Local\Programs\Python\Python311\python311.zip
  C:\Users\Pavan\AppData\Local\Programs\Python\Python311\DLLs
  C:\Users\Pavan\AppData\Local\Programs\Python\Python311\Lib
  C:\Users\Pavan\AppData\Local\Programs\Python\Python311
  C:\Users\Pavan\AppData\Local\Programs\Python\Python311\Lib\site-packages</msg>
<msg timestamp="20230830 13:45:05.582" level="WARN">The msedgedriver version (115.0.1901.203) detected in PATH at C:\bin\msedgedriver.exe might not be compatible with the detected edge version (116.0.1938.62); currently, msedgedriver 116.0.1938.62 is recommended for edge 116.*, so it is advised to delete the driver in PATH and retry</msg>
<msg timestamp="20230830 13:45:26.627" level="ERROR">Error in file 'C:\robot framework\robot-scripts\end-to-end\Resources\FrontOffice\PO\FrontOffice.Landing.robot' on line 2: Importing library 'Selenium2Library' failed: ModuleNotFoundError: No module named 'Selenium2Library'
Traceback (most recent call last):
  None
PYTHONPATH:
  C:\Users\Pavan\AppData\Local\Programs\Python\Python311\Scripts\robot.exe
  C:\Users\Pavan\AppData\Local\Programs\Python\Python311\python311.zip
  C:\Users\Pavan\AppData\Local\Programs\Python\Python311\DLLs
  C:\Users\Pavan\AppData\Local\Programs\Python\Python311\Lib
  C:\Users\Pavan\AppData\Local\Programs\Python\Python311
  C:\Users\Pavan\AppData\Local\Programs\Python\Python311\Lib\site-packages</msg>
<msg timestamp="20230830 13:45:26.631" level="ERROR">Error in file 'C:\robot framework\robot-scripts\end-to-end\Resources\FrontOffice\PO\TopNav.robot' on line 2: Importing library 'Selenium2Library' failed: ModuleNotFoundError: No module named 'Selenium2Library'
Traceback (most recent call last):
  None
PYTHONPATH:
  C:\Users\Pavan\AppData\Local\Programs\Python\Python311\Scripts\robot.exe
  C:\Users\Pavan\AppData\Local\Programs\Python\Python311\python311.zip
  C:\Users\Pavan\AppData\Local\Programs\Python\Python311\DLLs
  C:\Users\Pavan\AppData\Local\Programs\Python\Python311\Lib
  C:\Users\Pavan\AppData\Local\Programs\Python\Python311
  C:\Users\Pavan\AppData\Local\Programs\Python\Python311\Lib\site-packages</msg>
<msg timestamp="20230830 13:45:26.640" level="ERROR">Error in file 'C:\robot framework\robot-scripts\end-to-end\Resources\FrontOffice\PO\Team.robot' on line 2: Importing library 'Selenium2Library' failed: ModuleNotFoundError: No module named 'Selenium2Library'
Traceback (most recent call last):
  None
PYTHONPATH:
  C:\Users\Pavan\AppData\Local\Programs\Python\Python311\Scripts\robot.exe
  C:\Users\Pavan\AppData\Local\Programs\Python\Python311\python311.zip
  C:\Users\Pavan\AppData\Local\Programs\Python\Python311\DLLs
  C:\Users\Pavan\AppData\Local\Programs\Python\Python311\Lib
  C:\Users\Pavan\AppData\Local\Programs\Python\Python311
  C:\Users\Pavan\AppData\Local\Programs\Python\Python311\Lib\site-packages</msg>
<msg timestamp="20230830 13:45:26.645" level="ERROR">Error in file 'C:\robot framework\robot-scripts\end-to-end\Resources\BackOffice\PO\BackOffice.Landing.robot' on line 2: Importing library 'Selenium2Library' failed: ModuleNotFoundError: No module named 'Selenium2Library'
Traceback (most recent call last):
  None
PYTHONPATH:
  C:\Users\Pavan\AppData\Local\Programs\Python\Python311\Scripts\robot.exe
  C:\Users\Pavan\AppData\Local\Programs\Python\Python311\python311.zip
  C:\Users\Pavan\AppData\Local\Programs\Python\Python311\DLLs
  C:\Users\Pavan\AppData\Local\Programs\Python\Python311\Lib
  C:\Users\Pavan\AppData\Local\Programs\Python\Python311
  C:\Users\Pavan\AppData\Local\Programs\Python\Python311\Lib\site-packages</msg>
<msg timestamp="20230830 13:45:26.653" level="ERROR">Error in file 'C:\robot framework\robot-scripts\end-to-end\Resources\BackOffice\PO\TopNav.robot' on line 2: Importing library 'Selenium2Library' failed: ModuleNotFoundError: No module named 'Selenium2Library'
Traceback (most recent call last):
  None
PYTHONPATH:
  C:\Users\Pavan\AppData\Local\Programs\Python\Python311\Scripts\robot.exe
  C:\Users\Pavan\AppData\Local\Programs\Python\Python311\python311.zip
  C:\Users\Pavan\AppData\Local\Programs\Python\Python311\DLLs
  C:\Users\Pavan\AppData\Local\Programs\Python\Python311\Lib
  C:\Users\Pavan\AppData\Local\Programs\Python\Python311
  C:\Users\Pavan\AppData\Local\Programs\Python\Python311\Lib\site-packages</msg>
<msg timestamp="20230830 13:45:27.266" level="WARN">The msedgedriver version (115.0.1901.203) detected in PATH at C:\bin\msedgedriver.exe might not be compatible with the detected edge version (116.0.1938.62); currently, msedgedriver 116.0.1938.62 is recommended for edge 116.*, so it is advised to delete the driver in PATH and retry</msg>
<msg timestamp="20230830 13:46:16.472" level="ERROR">Error in file 'C:\robot framework\robot-scripts\end-to-end\Resources\FrontOffice\PO\FrontOffice.Landing.robot' on line 2: Importing library 'Selenium2Library' failed: ModuleNotFoundError: No module named 'Selenium2Library'
Traceback (most recent call last):
  None
PYTHONPATH:
  C:\Users\Pavan\AppData\Local\Programs\Python\Python311\Scripts\robot.exe
  C:\Users\Pavan\AppData\Local\Programs\Python\Python311\python311.zip
  C:\Users\Pavan\AppData\Local\Programs\Python\Python311\DLLs
  C:\Users\Pavan\AppData\Local\Programs\Python\Python311\Lib
  C:\Users\Pavan\AppData\Local\Programs\Python\Python311
  C:\Users\Pavan\AppData\Local\Programs\Python\Python311\Lib\site-packages</msg>
<msg timestamp="20230830 13:46:16.479" level="ERROR">Error in file 'C:\robot framework\robot-scripts\end-to-end\Resources\FrontOffice\PO\TopNav.robot' on line 2: Importing library 'Selenium2Library' failed: ModuleNotFoundError: No module named 'Selenium2Library'
Traceback (most recent call last):
  None
PYTHONPATH:
  C:\Users\Pavan\AppData\Local\Programs\Python\Python311\Scripts\robot.exe
  C:\Users\Pavan\AppData\Local\Programs\Python\Python311\python311.zip
  C:\Users\Pavan\AppData\Local\Programs\Python\Python311\DLLs
  C:\Users\Pavan\AppData\Local\Programs\Python\Python311\Lib
  C:\Users\Pavan\AppData\Local\Programs\Python\Python311
  C:\Users\Pavan\AppData\Local\Programs\Python\Python311\Lib\site-packages</msg>
<msg timestamp="20230830 13:46:16.484" level="ERROR">Error in file 'C:\robot framework\robot-scripts\end-to-end\Resources\FrontOffice\PO\Team.robot' on line 2: Importing library 'Selenium2Library' failed: ModuleNotFoundError: No module named 'Selenium2Library'
Traceback (most recent call last):
  None
PYTHONPATH:
  C:\Users\Pavan\AppData\Local\Programs\Python\Python311\Scripts\robot.exe
  C:\Users\Pavan\AppData\Local\Programs\Python\Python311\python311.zip
  C:\Users\Pavan\AppData\Local\Programs\Python\Python311\DLLs
  C:\Users\Pavan\AppData\Local\Programs\Python\Python311\Lib
  C:\Users\Pavan\AppData\Local\Programs\Python\Python311
  C:\Users\Pavan\AppData\Local\Programs\Python\Python311\Lib\site-packages</msg>
<msg timestamp="20230830 13:46:17.121" level="WARN">The msedgedriver version (115.0.1901.203) detected in PATH at C:\bin\msedgedriver.exe might not be compatible with the detected edge version (116.0.1938.62); currently, msedgedriver 116.0.1938.62 is recommended for edge 116.*, so it is advised to delete the driver in PATH and retry</msg>
<msg timestamp="20230830 13:46:37.762" level="WARN">The msedgedriver version (115.0.1901.203) detected in PATH at C:\bin\msedgedriver.exe might not be compatible with the detected edge version (116.0.1938.62); currently, msedgedriver 116.0.1938.62 is recommended for edge 116.*, so it is advised to delete the driver in PATH and retry</msg>
</errors>
</robot>
